2018-07-23 12:21:46,419 INFO  [org.jboss.modules] (main) JBoss Modules version 1.5.1.Final
2018-07-23 12:21:47,275 INFO  [org.jboss.msc] (main) JBoss MSC version 1.2.6.Final
2018-07-23 12:21:47,341 INFO  [org.jboss.as] (MSC service thread 1-1) WFLYSRV0049: WildFly Full 10.0.0.Final (WildFly Core 2.0.10.Final) starting
2018-07-23 12:21:47,341 DEBUG [org.jboss.as.config] (MSC service thread 1-1) Configured system properties:
	awt.toolkit = sun.awt.windows.WToolkit
	file.encoding = Cp1252
	file.encoding.pkg = sun.io
	file.separator = \
	java.awt.graphicsenv = sun.awt.Win32GraphicsEnvironment
	java.awt.headless = true
	java.awt.printerjob = sun.awt.windows.WPrinterJob
	java.class.path = C:\Users\trilha\Desktop\wildfly-10.0.0.Final\jboss-modules.jar;C:\Program Files\Java\jre1.8.0_181\lib\resources.jar;C:\Program Files\Java\jre1.8.0_181\lib\rt.jar;C:\Program Files\Java\jre1.8.0_181\lib\jsse.jar;C:\Program Files\Java\jre1.8.0_181\lib\jce.jar;C:\Program Files\Java\jre1.8.0_181\lib\charsets.jar;C:\Program Files\Java\jre1.8.0_181\lib\jfr.jar
	java.class.version = 52.0
	java.endorsed.dirs = C:\Program Files\Java\jre1.8.0_181\lib\endorsed
	java.ext.dirs = C:\Program Files\Java\jre1.8.0_181\lib\ext;C:\Windows\Sun\Java\lib\ext
	java.home = C:\Program Files\Java\jre1.8.0_181
	java.io.tmpdir = C:\Users\trilha\AppData\Local\Temp\
	java.library.path = C:\Program Files\Java\jre1.8.0_181\bin;C:\Windows\Sun\Java\bin;C:\Windows\system32;C:\Windows;native;C:/Program Files/Java/jre1.8.0_181/bin/server;C:/Program Files/Java/jre1.8.0_181/bin;C:/Program Files/Java/jre1.8.0_181/lib/amd64;C:\Program Files (x86)\Common Files\Oracle\Java\javapath;C:\Windows\system32;C:\Windows;C:\Windows\System32\Wbem;C:\Windows\System32\WindowsPowerShell\v1.0\;C:\Program Files (x86)\Brackets\command;C:\Users\trilha\Desktop\eclipse;;.
	java.net.preferIPv4Stack = true
	java.runtime.name = Java(TM) SE Runtime Environment
	java.runtime.version = 1.8.0_181-b13
	java.specification.name = Java Platform API Specification
	java.specification.vendor = Oracle Corporation
	java.specification.version = 1.8
	java.util.logging.manager = org.jboss.logmanager.LogManager
	java.vendor = Oracle Corporation
	java.vendor.url = http://java.oracle.com/
	java.vendor.url.bug = http://bugreport.sun.com/bugreport/
	java.version = 1.8.0_181
	java.vm.info = mixed mode
	java.vm.name = Java HotSpot(TM) 64-Bit Server VM
	java.vm.specification.name = Java Virtual Machine Specification
	java.vm.specification.vendor = Oracle Corporation
	java.vm.specification.version = 1.8
	java.vm.vendor = Oracle Corporation
	java.vm.version = 25.181-b13
	javax.management.builder.initial = org.jboss.as.jmx.PluggableMBeanServerBuilder
	javax.xml.datatype.DatatypeFactory = __redirected.__DatatypeFactory
	javax.xml.parsers.DocumentBuilderFactory = __redirected.__DocumentBuilderFactory
	javax.xml.parsers.SAXParserFactory = __redirected.__SAXParserFactory
	javax.xml.stream.XMLEventFactory = __redirected.__XMLEventFactory
	javax.xml.stream.XMLInputFactory = __redirected.__XMLInputFactory
	javax.xml.stream.XMLOutputFactory = __redirected.__XMLOutputFactory
	javax.xml.transform.TransformerFactory = __redirected.__TransformerFactory
	javax.xml.validation.SchemaFactory:http://www.w3.org/2001/XMLSchema = __redirected.__SchemaFactory
	javax.xml.xpath.XPathFactory:http://java.sun.com/jaxp/xpath/dom = __redirected.__XPathFactory
	jboss.bind.address = localhost
	jboss.bind.address.management = localhost
	jboss.home.dir = C:\Users\trilha\Desktop\wildfly-10.0.0.Final
	jboss.host.name = trilha-pc
	jboss.modules.dir = C:\Users\trilha\Desktop\wildfly-10.0.0.Final\modules
	jboss.modules.system.pkgs = org.jboss.byteman
	jboss.node.name = trilha-pc
	jboss.qualified.host.name = trilha-pc
	jboss.server.base.dir = C:\Users\trilha\Desktop\wildfly-10.0.0.Final\standalone
	jboss.server.config.dir = C:\Users\trilha\Desktop\wildfly-10.0.0.Final\standalone\configuration
	jboss.server.data.dir = C:\Users\trilha\Desktop\wildfly-10.0.0.Final\standalone\data
	jboss.server.deploy.dir = C:\Users\trilha\Desktop\wildfly-10.0.0.Final\standalone\data\content
	jboss.server.log.dir = C:\Users\trilha\Desktop\wildfly-10.0.0.Final\standalone\log
	jboss.server.name = trilha-pc
	jboss.server.persist.config = true
	jboss.server.temp.dir = C:\Users\trilha\Desktop\wildfly-10.0.0.Final\standalone\tmp
	line.separator = 

	logging.configuration = file:C:\Users\trilha\Desktop\wildfly-10.0.0.Final\standalone\configuration\logging.properties
	module.path = C:\Users\trilha\Desktop\wildfly-10.0.0.Final\modules
	org.jboss.boot.log.file = C:\Users\trilha\Desktop\wildfly-10.0.0.Final\standalone\log\boot.log
	org.jboss.logmanager.nocolor = true
	org.jboss.resolver.warning = true
	org.xml.sax.driver = __redirected.__XMLReaderFactory
	os.arch = amd64
	os.name = Windows 7
	os.version = 6.1
	path.separator = ;
	program.name = JBossTools: WildFly 10.x
	sun.arch.data.model = 64
	sun.boot.class.path = C:\Program Files\Java\jre1.8.0_181\lib\resources.jar;C:\Program Files\Java\jre1.8.0_181\lib\rt.jar;C:\Program Files\Java\jre1.8.0_181\lib\sunrsasign.jar;C:\Program Files\Java\jre1.8.0_181\lib\jsse.jar;C:\Program Files\Java\jre1.8.0_181\lib\jce.jar;C:\Program Files\Java\jre1.8.0_181\lib\charsets.jar;C:\Program Files\Java\jre1.8.0_181\lib\jfr.jar;C:\Program Files\Java\jre1.8.0_181\classes
	sun.boot.library.path = C:\Program Files\Java\jre1.8.0_181\bin
	sun.cpu.endian = little
	sun.cpu.isalist = amd64
	sun.desktop = windows
	sun.io.unicode.encoding = UnicodeLittle
	sun.java.command = org.jboss.modules.Main -mp C:\Users\trilha\Desktop\wildfly-10.0.0.Final\modules org.jboss.as.standalone -b localhost --server-config=standalone-full.xml -Djboss.server.base.dir=C:\Users\trilha\Desktop\wildfly-10.0.0.Final\standalone
	sun.java.launcher = SUN_STANDARD
	sun.jnu.encoding = Cp1252
	sun.management.compiler = HotSpot 64-Bit Tiered Compilers
	sun.os.patch.level = Service Pack 1
	sun.rmi.dgc.client.gcInterval = 3600000
	sun.rmi.dgc.server.gcInterval = 3600000
	user.country = BR
	user.dir = C:\Users\trilha\Desktop\wildfly-10.0.0.Final\bin
	user.home = C:\Users\trilha
	user.language = pt
	user.name = trilha
	user.script = 
	user.timezone = America/Sao_Paulo
	user.variant = 
2018-07-23 12:21:47,343 DEBUG [org.jboss.as.config] (MSC service thread 1-1) VM Arguments: -Dprogram.name=JBossTools: WildFly 10.x -Xms64m -Xmx512m -Dorg.jboss.resolver.warning=true -Djava.net.preferIPv4Stack=true -Dsun.rmi.dgc.client.gcInterval=3600000 -Dsun.rmi.dgc.server.gcInterval=3600000 -Djboss.modules.system.pkgs=org.jboss.byteman -Djava.awt.headless=true -Dorg.jboss.boot.log.file=C:\Users\trilha\Desktop\wildfly-10.0.0.Final\standalone\log\boot.log -Dlogging.configuration=file:C:\Users\trilha\Desktop\wildfly-10.0.0.Final\standalone\configuration\logging.properties -Djboss.home.dir=C:\Users\trilha\Desktop\wildfly-10.0.0.Final -Dorg.jboss.logmanager.nocolor=true -Djboss.bind.address.management=localhost -Dfile.encoding=Cp1252 
2018-07-23 12:21:50,849 INFO  [org.jboss.as.server.deployment.scanner] (DeploymentScanner-threads - 1) WFLYDS0004: Found casadocodigo.war in deployment directory. To trigger deployment create a file called casadocodigo.war.dodeploy
2018-07-23 12:21:50,878 INFO  [org.jboss.as.server] (Controller Boot Thread) WFLYSRV0039: Creating http management service using socket-binding (management-http)
2018-07-23 12:21:50,904 INFO  [org.xnio] (MSC service thread 1-1) XNIO version 3.3.4.Final
2018-07-23 12:21:50,911 INFO  [org.xnio.nio] (MSC service thread 1-1) XNIO NIO Implementation Version 3.3.4.Final
